app/build/intermediates/manifest_merge_blame_file/debug/manifest-merger-blame-debug-report.txt
1<?xml version="1.0" encoding="utf-8"?>
2<manifest xmlns:android="http://schemas.android.com/apk/res/android"
3    package="com.example.submission2bfaa"
4    android:versionCode="1"
5    android:versionName="1.0" >
6
7    <uses-sdk
8        android:minSdkVersion="23"
8-->src/main/AndroidManifest.xml
9        android:targetSdkVersion="31" />
9-->src/main/AndroidManifest.xml
10
11    <uses-permission android:name="android.permission.INTERNET" />
11-->src/main/AndroidManifest.xml:5:5-67
11-->src/main/AndroidManifest.xml:5:22-64
12
13    <application
13-->src/main/AndroidManifest.xml:7:5-30:19
14        android:allowBackup="true"
14-->src/main/AndroidManifest.xml:8:9-35
15        android:appComponentFactory="androidx.core.app.CoreComponentFactory"
15-->[androidx.core:core:1.6.0] AndroidManifest.xml:24:18-86
16        android:debuggable="true"
17        android:extractNativeLibs="false"
18        android:icon="@mipmap/ic_launcher"
18-->src/main/AndroidManifest.xml:9:9-43
19        android:label="@string/app_name"
19-->src/main/AndroidManifest.xml:10:9-41
20        android:roundIcon="@mipmap/ic_launcher_round"
20-->src/main/AndroidManifest.xml:11:9-54
21        android:supportsRtl="true"
21-->src/main/AndroidManifest.xml:12:9-35
22        android:testOnly="true"
23        android:theme="@style/Theme.Submission2BFAA"
23-->src/main/AndroidManifest.xml:13:9-53
24        android:usesCleartextTraffic="true" >
24-->src/main/AndroidManifest.xml:14:9-44
25        <activity
25-->src/main/AndroidManifest.xml:15:9-24:20
26            android:name="com.example.submission2bfaa.ui.activity.SpashActivity"
26-->src/main/AndroidManifest.xml:16:13-54
27            android:exported="true"
27-->src/main/AndroidManifest.xml:18:13-36
28            android:theme="@style/Theme.Submission2BFAA.NoActionBar" >
28-->src/main/AndroidManifest.xml:17:13-69
29            <intent-filter>
29-->src/main/AndroidManifest.xml:19:13-23:29
30                <action android:name="android.intent.action.MAIN" />
30-->src/main/AndroidManifest.xml:20:17-69
30-->src/main/AndroidManifest.xml:20:25-66
31
32                <category android:name="android.intent.category.LAUNCHER" />
32-->src/main/AndroidManifest.xml:22:17-77
32-->src/main/AndroidManifest.xml:22:27-74
33            </intent-filter>
34        </activity>
35        <activity android:name="com.example.submission2bfaa.ui.activity.MainActivity" />
35-->src/main/AndroidManifest.xml:26:9-62
35-->src/main/AndroidManifest.xml:26:19-59
36        <activity
36-->src/main/AndroidManifest.xml:27:9-29:70
37            android:name="com.example.submission2bfaa.ui.activity.DetailActivity"
37-->src/main/AndroidManifest.xml:28:13-55
38            android:parentActivityName="com.example.submission2bfaa.ui.activity.MainActivity" />
38-->src/main/AndroidManifest.xml:29:13-67
39
40        <service
40-->[androidx.room:room-runtime:2.3.0] AndroidManifest.xml:25:9-28:40
41            android:name="androidx.room.MultiInstanceInvalidationService"
41-->[androidx.room:room-runtime:2.3.0] AndroidManifest.xml:26:13-74
42            android:directBootAware="true"
42-->[androidx.room:room-runtime:2.3.0] AndroidManifest.xml:27:13-43
43            android:exported="false" />
43-->[androidx.room:room-runtime:2.3.0] AndroidManifest.xml:28:13-37
44    </application>
45
46</manifest>